ffmpeg started on 2024-10-16 at 17:50:49
Report written to "./logs/16-10-24_17-50-49.log"
Command line:
ffmpeg -y -i ./videos/muxed.mp4 -filter_complex "drawbox=x=iw-w-10:y=ih/2-h/2-10:w=iw-20:h=150:t=fill:color=white@0.2,     subtitles=./subtitles/al-fatihah.srt:fontsdir='./fonts':charenc='utf-8':force_style='shadowx=10,shadowcolor=Black,MarginV=100'" -c:a copy ./output/subtitle.mp4
ffmpeg version 4.2.7-0ubuntu0.1 Copyright (c) 2000-2022 the FFmpeg developers
  built with gcc 9 (Ubuntu 9.4.0-1ubuntu1~20.04.1)
  configuration: --prefix=/usr --extra-version=0ubuntu0.1 --toolchain=hardened --libdir=/usr/lib/x86_64-linux-gnu --incdir=/usr/include/x86_64-linux-gnu --arch=amd64 --enable-gpl --disable-stripping --enable-avresample --disable-filter=resample --enable-avisynth --enable-gnutls --enable-ladspa --enable-libaom --enable-libass --enable-libbluray --enable-libbs2b --enable-libcaca --enable-libcdio --enable-libcodec2 --enable-libflite --enable-libfontconfig --enable-libfreetype --enable-libfribidi --enable-libgme --enable-libgsm --enable-libjack --enable-libmp3lame --enable-libmysofa --enable-libopenjpeg --enable-libopenmpt --enable-libopus --enable-libpulse --enable-librsvg --enable-librubberband --enable-libshine --enable-libsnappy --enable-libsoxr --enable-libspeex --enable-libssh --enable-libtheora --enable-libtwolame --enable-libvidstab --enable-libvorbis --enable-libvpx --enable-libwavpack --enable-libwebp --enable-libx265 --enable-libxml2 --enable-libxvid --enable-libzmq --enable-libzvbi --enable-lv2 --ena  libavutil      56. 31.100 / 56. 31.100
  libavcodec     58. 54.100 / 58. 54.100
  libavformat    58. 29.100 / 58. 29.100
  libavdevice    58.  8.100 / 58.  8.100
  libavfilter     7. 57.100 /  7. 57.100
  libavresample   4.  0.  0 /  4.  0.  0
  libswscale      5.  5.100 /  5.  5.100
  libswresample   3.  5.100 /  3.  5.100
  libpostproc    55.  5.100 / 55.  5.100
Input #0, mov,mp4,m4a,3gp,3g2,mj2, from './videos/muxed.mp4':
  Metadata:
    major_brand     : isom
    minor_version   : 512
    compatible_brands: isomiso2avc1mp41
    encoder         : Lavf58.29.100
  Duration: 00:00:50.26, start: 0.000000, bitrate: 395 kb/s
    Stream #0:0(und): Video: h264 (Main) (avc1 / 0x31637661), yuv420p(tv, smpte170m/bt470bg/bt709), 638x360 [SAR 1:1 DAR 319:180], 200 kb/s, 23.98 fps, 24 tbr, 12288 tbn, 48 tbc (default)
    Metadata:
      handler_name    : ISO Media file produced by Google Inc. Created on: 10/06/2024.
    Stream #0:1(und): Audio: mp3 (mp4a / 0x6134706D), 44100 Hz, stereo, fltp, 191 kb/s (default)
    Metadata:
      handler_name    : SoundHandler
[Parsed_subtitles_1 @ 0x557deee6c280] Shaper: FriBidi 0.19.7 (SIMPLE) HarfBuzz-ng 2.6.4 (COMPLEX)
[Parsed_subtitles_1 @ 0x557deee6c280] Loading font file './fonts/CamingoCode-Bold.ttf'
[Parsed_subtitles_1 @ 0x557deee6c280] Loading font file './fonts/CamingoCode-BoldItalic.ttf'
[Parsed_subtitles_1 @ 0x557deee6c280] Loading font file './fonts/CamingoCode-Regular.ttf'
[Parsed_subtitles_1 @ 0x557deee6c280] Loading font file './fonts/LPMQ IsepMisbah.ttf'
[Parsed_subtitles_1 @ 0x557deee6c280] Loading font file './fonts/CamingoCode-Italic.ttf'
[Parsed_subtitles_1 @ 0x557deee6c280] Using font provider fontconfig
Stream mapping:
  Stream #0:0 (h264) -> drawbox
  subtitles -> Stream #0:0 (libx264)
  Stream #0:1 -> #0:1 (copy)
Press [q] to stop, [?] for help
[Parsed_subtitles_1 @ 0x557deee74e00] Shaper: FriBidi 0.19.7 (SIMPLE) HarfBuzz-ng 2.6.4 (COMPLEX)
[Parsed_subtitles_1 @ 0x557deee74e00] Loading font file './fonts/CamingoCode-Bold.ttf'
[Parsed_subtitles_1 @ 0x557deee74e00] Loading font file './fonts/CamingoCode-BoldItalic.ttf'
[Parsed_subtitles_1 @ 0x557deee74e00] Loading font file './fonts/CamingoCode-Regular.ttf'
[Parsed_subtitles_1 @ 0x557deee74e00] Loading font file './fonts/LPMQ IsepMisbah.ttf'
[Parsed_subtitles_1 @ 0x557deee74e00] Loading font file './fonts/CamingoCode-Italic.ttf'
[Parsed_subtitles_1 @ 0x557deee74e00] Using font provider fontconfig
[Parsed_subtitles_1 @ 0x557deee74e00] fontselect: (Arial, 400, 0) -> /usr/share/fonts/truetype/msttcorefonts/Arial.ttf, 0, ArialMT
[Parsed_subtitles_1 @ 0x557deee74e00] fontselect: (LPMQ Isep Misbah, 400, 0) -> LPMQIsepMisbah, 0, LPMQIsepMisbah
[Parsed_subtitles_1 @ 0x557deee74e00] fontselect: (camingocode, 400, 0) -> CamingoCode-Regular, 0, CamingoCode-Regular
[Parsed_subtitles_1 @ 0x557deee74e00] Glyph 0x1E2B not found, selecting one more font for (LPMQ Isep Misbah, 400, 0)
[Parsed_subtitles_1 @ 0x557deee74e00] fontselect: (LPMQ Isep Misbah, 400, 0) -> /usr/share/fonts/truetype/dejavu/DejaVuSans.ttf, 0, DejaVuSans
[libx264 @ 0x557deeefd1c0] using SAR=1/1
[libx264 @ 0x557deeefd1c0] using cpu capabilities: MMX2 SSE2Fast SSSE3 SSE4.2 AVX FMA3 BMI2 AVX2
[libx264 @ 0x557deeefd1c0] profile High, level 3.0
[libx264 @ 0x557deeefd1c0] 264 - core 155 r2917 0a84d98 - H.264/MPEG-4 AVC codec - Copyleft 2003-2018 - http://www.videolan.org/x264.html - options: cabac=1 ref=3 deblock=1:0:0 analyse=0x3:0x113 me=hex subme=7 psy=1 psy_rd=1.00:0.00 mixed_ref=1 me_range=16 chroma_me=1 trellis=1 8x8dct=1 cqm=0 deadzone=21,11 fast_pskip=1 chroma_qp_offset=-2 threads=6 lookahead_threads=1 sliced_threads=0 nr=0 decimate=1 interlaced=0 bluray_compat=0 constrained_intra=0 bframes=3 b_pyramid=2 b_adapt=1 b_bias=0 direct=1 weightb=1 open_gop=0 weightp=2 keyint=250 keyint_min=24 scenecut=40 intra_refresh=0 rc_lookahead=40 rc=crf mbtree=1 crf=23.0 qcomp=0.60 qpmin=0 qpmax=69 qpstep=4 ip_ratio=1.40 aq=1:1.00
Output #0, mp4, to './output/subtitle.mp4':
  Metadata:
    major_brand     : isom
    minor_version   : 512
    compatible_brands: isomiso2avc1mp41
    encoder         : Lavf58.29.100
    Stream #0:0: Video: h264 (libx264) (avc1 / 0x31637661), yuv420p, 638x360 [SAR 1:1 DAR 319:180], q=-1--1, 24 fps, 12288 tbn, 24 tbc (default)
    Metadata:
      encoder         : Lavc58.54.100 libx264
    Side data:
      cpb: bitrate max/min/avg: 0/0/0 buffer size: 0 vbv_delay: -1
    Stream #0:1(und): Audio: mp3 (mp4a / 0x6134706D), 44100 Hz, stereo, fltp, 191 kb/s (default)
    Metadata:
      handler_name    : SoundHandler
frame=  120 fps=0.0 q=28.0 size=       0kB time=00:00:05.14 bitrate=   0.1kbits/s speed=10.3x    frame=  235 fps=234 q=28.0 size=     256kB time=00:00:09.92 bitrate= 211.3kbits/s speed=9.89x    frame=  359 fps=238 q=28.0 size=     512kB time=00:00:15.09 bitrate= 277.8kbits/s speed=  10x    frame=  479 fps=238 q=28.0 size=     768kB time=00:00:20.14 bitrate= 312.4kbits/s speed=  10x    frame=  582 fps=232 q=28.0 size=    1024kB time=00:00:24.37 bitrate= 344.2kbits/s dup=1 drop=0 speed=9.71x    [Parsed_subtitles_1 @ 0x557deee74e00] fontselect: (CamingoCode-Regular, 400, 0) -> /usr/share/fonts/truetype/dejavu/DejaVuSans.ttf, 0, DejaVuSans
frame=  696 fps=231 q=28.0 size=    1280kB time=00:00:29.12 bitrate= 360.0kbits/s dup=1 drop=0 speed=9.66x    frame=  780 fps=222 q=28.0 size=    1536kB time=00:00:32.62 bitrate= 385.7kbits/s dup=1 drop=0 speed=9.28x    frame=  866 fps=215 q=28.0 size=    1536kB time=00:00:36.20 bitrate= 347.5kbits/s dup=1 drop=0 speed=   9x    frame=  953 fps=211 q=28.0 size=    1792kB time=00:00:39.83 bitrate= 368.5kbits/s dup=1 drop=0 speed= 8.8x    frame= 1038 fps=207 q=28.0 size=    2048kB time=00:00:43.39 bitrate= 386.7kbits/s dup=1 drop=0 speed=8.63x    frame= 1125 fps=203 q=28.0 size=    2304kB time=00:00:47.02 bitrate= 401.4kbits/s dup=1 drop=0 speed= 8.5x    frame= 1206 fps=199 q=-1.0 Lsize=    2581kB time=00:00:50.12 bitrate= 421.9kbits/s dup=1 drop=0 speed=8.27x    
video:1383kB audio:1155kB subtitle:0kB other streams:0kB global headers:0kB muxing overhead: 1.703993%
[libx264 @ 0x557deeefd1c0] frame I:5     Avg QP:17.19  size: 42808
[libx264 @ 0x557deeefd1c0] frame P:311   Avg QP:20.45  size:  3159
[libx264 @ 0x557deeefd1c0] frame B:890   Avg QP:26.93  size:   246
[libx264 @ 0x557deeefd1c0] consecutive B-frames:  0.6%  2.7%  1.2% 95.5%
[libx264 @ 0x557deeefd1c0] mb I  I16..4: 11.4% 24.3% 64.3%
[libx264 @ 0x557deeefd1c0] mb P  I16..4:  0.7%  1.8%  1.3%  P16..4: 19.7%  7.0%  4.6%  0.0%  0.0%    skip:64.9%
[libx264 @ 0x557deeefd1c0] mb B  I16..4:  0.0%  0.0%  0.0%  B16..8: 15.1%  0.6%  0.1%  direct: 0.3%  skip:83.8%  L0:36.2% L1:58.9% BI: 4.9%
[libx264 @ 0x557deeefd1c0] 8x8 transform intra:40.6% inter:56.1%
[libx264 @ 0x557deeefd1c0] coded y,uvDC,uvAC intra: 71.8% 54.5% 30.5% inter: 4.5% 3.0% 0.8%
[libx264 @ 0x557deeefd1c0] i16 v,h,dc,p: 16% 35% 25% 24%
[libx264 @ 0x557deeefd1c0] i8 v,h,dc,ddl,ddr,vr,hd,vl,hu: 21% 20% 20%  7%  6%  5%  7%  7%  8%
[libx264 @ 0x557deeefd1c0] i4 v,h,dc,ddl,ddr,vr,hd,vl,hu: 28% 24% 13%  5%  6%  7%  6%  6%  5%
[libx264 @ 0x557deeefd1c0] i8c dc,h,v,p: 56% 19% 16%  8%
[libx264 @ 0x557deeefd1c0] Weighted P-Frames: Y:0.0% UV:0.0%
[libx264 @ 0x557deeefd1c0] ref P L0: 64.8% 16.5% 14.8%  3.9%
[libx264 @ 0x557deeefd1c0] ref B L0: 89.7%  7.1%  3.2%
[libx264 @ 0x557deeefd1c0] ref B L1: 95.2%  4.8%
[libx264 @ 0x557deeefd1c0] kb/s:225.41
