ffmpeg started on 2024-10-16 at 17:48:33
Report written to "./logs/16-10-24_17-48-33.log"
Command line:
ffmpeg -y -i ./videos/muxed.mp4 -filter_complex "drawbox=x=iw-w-10:y=ih/2-h/2-10:w=iw-20:h=150:t=fill:color=white@0.2,     subtitles=./subtitles/al-fatihah.srt:fontsdir='./fonts':charenc='utf-8':force_style='shadowx=10,shadowcolor=Black,MarginV=100'" -c:a copy ./output/subtitle.mp4
ffmpeg version 4.2.7-0ubuntu0.1 Copyright (c) 2000-2022 the FFmpeg developers
  built with gcc 9 (Ubuntu 9.4.0-1ubuntu1~20.04.1)
  configuration: --prefix=/usr --extra-version=0ubuntu0.1 --toolchain=hardened --libdir=/usr/lib/x86_64-linux-gnu --incdir=/usr/include/x86_64-linux-gnu --arch=amd64 --enable-gpl --disable-stripping --enable-avresample --disable-filter=resample --enable-avisynth --enable-gnutls --enable-ladspa --enable-libaom --enable-libass --enable-libbluray --enable-libbs2b --enable-libcaca --enable-libcdio --enable-libcodec2 --enable-libflite --enable-libfontconfig --enable-libfreetype --enable-libfribidi --enable-libgme --enable-libgsm --enable-libjack --enable-libmp3lame --enable-libmysofa --enable-libopenjpeg --enable-libopenmpt --enable-libopus --enable-libpulse --enable-librsvg --enable-librubberband --enable-libshine --enable-libsnappy --enable-libsoxr --enable-libspeex --enable-libssh --enable-libtheora --enable-libtwolame --enable-libvidstab --enable-libvorbis --enable-libvpx --enable-libwavpack --enable-libwebp --enable-libx265 --enable-libxml2 --enable-libxvid --enable-libzmq --enable-libzvbi --enable-lv2 --ena  libavutil      56. 31.100 / 56. 31.100
  libavcodec     58. 54.100 / 58. 54.100
  libavformat    58. 29.100 / 58. 29.100
  libavdevice    58.  8.100 / 58.  8.100
  libavfilter     7. 57.100 /  7. 57.100
  libavresample   4.  0.  0 /  4.  0.  0
  libswscale      5.  5.100 /  5.  5.100
  libswresample   3.  5.100 /  3.  5.100
  libpostproc    55.  5.100 / 55.  5.100
Input #0, mov,mp4,m4a,3gp,3g2,mj2, from './videos/muxed.mp4':
  Metadata:
    major_brand     : isom
    minor_version   : 512
    compatible_brands: isomiso2avc1mp41
    encoder         : Lavf58.29.100
  Duration: 00:00:50.26, start: 0.000000, bitrate: 395 kb/s
    Stream #0:0(und): Video: h264 (Main) (avc1 / 0x31637661), yuv420p(tv, smpte170m/bt470bg/bt709), 638x360 [SAR 1:1 DAR 319:180], 200 kb/s, 23.98 fps, 24 tbr, 12288 tbn, 48 tbc (default)
    Metadata:
      handler_name    : ISO Media file produced by Google Inc. Created on: 10/06/2024.
    Stream #0:1(und): Audio: mp3 (mp4a / 0x6134706D), 44100 Hz, stereo, fltp, 191 kb/s (default)
    Metadata:
      handler_name    : SoundHandler
[Parsed_subtitles_1 @ 0x555fbeb7e280] Shaper: FriBidi 0.19.7 (SIMPLE) HarfBuzz-ng 2.6.4 (COMPLEX)
[Parsed_subtitles_1 @ 0x555fbeb7e280] Loading font file './fonts/CamingoCode-Bold.ttf'
[Parsed_subtitles_1 @ 0x555fbeb7e280] Loading font file './fonts/CamingoCode-BoldItalic.ttf'
[Parsed_subtitles_1 @ 0x555fbeb7e280] Loading font file './fonts/CamingoCode-Regular.ttf'
[Parsed_subtitles_1 @ 0x555fbeb7e280] Loading font file './fonts/LPMQ IsepMisbah.ttf'
[Parsed_subtitles_1 @ 0x555fbeb7e280] Loading font file './fonts/CamingoCode-Italic.ttf'
[Parsed_subtitles_1 @ 0x555fbeb7e280] Using font provider fontconfig
Stream mapping:
  Stream #0:0 (h264) -> drawbox
  subtitles -> Stream #0:0 (libx264)
  Stream #0:1 -> #0:1 (copy)
Press [q] to stop, [?] for help
[Parsed_subtitles_1 @ 0x555fbeb7e840] Shaper: FriBidi 0.19.7 (SIMPLE) HarfBuzz-ng 2.6.4 (COMPLEX)
[Parsed_subtitles_1 @ 0x555fbeb7e840] Loading font file './fonts/CamingoCode-Bold.ttf'
[Parsed_subtitles_1 @ 0x555fbeb7e840] Loading font file './fonts/CamingoCode-BoldItalic.ttf'
[Parsed_subtitles_1 @ 0x555fbeb7e840] Loading font file './fonts/CamingoCode-Regular.ttf'
[Parsed_subtitles_1 @ 0x555fbeb7e840] Loading font file './fonts/LPMQ IsepMisbah.ttf'
[Parsed_subtitles_1 @ 0x555fbeb7e840] Loading font file './fonts/CamingoCode-Italic.ttf'
[Parsed_subtitles_1 @ 0x555fbeb7e840] Using font provider fontconfig
[Parsed_subtitles_1 @ 0x555fbeb7e840] fontselect: (Arial, 400, 0) -> /usr/share/fonts/truetype/msttcorefonts/Arial.ttf, 0, ArialMT
[Parsed_subtitles_1 @ 0x555fbeb7e840] fontselect: (LPMQ Isep Misbah, 400, 0) -> LPMQIsepMisbah, 0, LPMQIsepMisbah
[Parsed_subtitles_1 @ 0x555fbeb7e840] fontselect: (camingocode, 400, 0) -> CamingoCode-Regular, 0, CamingoCode-Regular
[Parsed_subtitles_1 @ 0x555fbeb7e840] Glyph 0x1E2B not found, selecting one more font for (Arial, 400, 0)
[Parsed_subtitles_1 @ 0x555fbeb7e840] fontselect: (Arial, 400, 0) -> /usr/share/fonts/truetype/liberation2/LiberationSans-Regular.ttf, 0, LiberationSans
[libx264 @ 0x555fbec162c0] using SAR=1/1
[libx264 @ 0x555fbec162c0] using cpu capabilities: MMX2 SSE2Fast SSSE3 SSE4.2 AVX FMA3 BMI2 AVX2
[libx264 @ 0x555fbec162c0] profile High, level 3.0
[libx264 @ 0x555fbec162c0] 264 - core 155 r2917 0a84d98 - H.264/MPEG-4 AVC codec - Copyleft 2003-2018 - http://www.videolan.org/x264.html - options: cabac=1 ref=3 deblock=1:0:0 analyse=0x3:0x113 me=hex subme=7 psy=1 psy_rd=1.00:0.00 mixed_ref=1 me_range=16 chroma_me=1 trellis=1 8x8dct=1 cqm=0 deadzone=21,11 fast_pskip=1 chroma_qp_offset=-2 threads=6 lookahead_threads=1 sliced_threads=0 nr=0 decimate=1 interlaced=0 bluray_compat=0 constrained_intra=0 bframes=3 b_pyramid=2 b_adapt=1 b_bias=0 direct=1 weightb=1 open_gop=0 weightp=2 keyint=250 keyint_min=24 scenecut=40 intra_refresh=0 rc_lookahead=40 rc=crf mbtree=1 crf=23.0 qcomp=0.60 qpmin=0 qpmax=69 qpstep=4 ip_ratio=1.40 aq=1:1.00
Output #0, mp4, to './output/subtitle.mp4':
  Metadata:
    major_brand     : isom
    minor_version   : 512
    compatible_brands: isomiso2avc1mp41
    encoder         : Lavf58.29.100
    Stream #0:0: Video: h264 (libx264) (avc1 / 0x31637661), yuv420p, 638x360 [SAR 1:1 DAR 319:180], q=-1--1, 24 fps, 12288 tbn, 24 tbc (default)
    Metadata:
      encoder         : Lavc58.54.100 libx264
    Side data:
      cpb: bitrate max/min/avg: 0/0/0 buffer size: 0 vbv_delay: -1
    Stream #0:1(und): Audio: mp3 (mp4a / 0x6134706D), 44100 Hz, stereo, fltp, 191 kb/s (default)
    Metadata:
      handler_name    : SoundHandler
frame=  109 fps=0.0 q=28.0 size=       0kB time=00:00:04.67 bitrate=   0.1kbits/s speed=9.34x    frame=  223 fps=223 q=28.0 size=     256kB time=00:00:09.43 bitrate= 222.4kbits/s speed=9.42x    frame=  346 fps=230 q=28.0 size=     512kB time=00:00:14.57 bitrate= 287.8kbits/s speed= 9.7x    frame=  470 fps=234 q=28.0 size=     768kB time=00:00:19.72 bitrate= 319.0kbits/s speed=9.83x    frame=  568 fps=226 q=28.0 size=    1024kB time=00:00:23.79 bitrate= 352.5kbits/s dup=1 drop=0 speed=9.48x    [Parsed_subtitles_1 @ 0x555fbeb7e840] fontselect: (CamingoCode-Regular, 400, 0) -> /usr/share/fonts/truetype/dejavu/DejaVuSans.ttf, 0, DejaVuSans
frame=  681 fps=226 q=28.0 size=    1280kB time=00:00:28.50 bitrate= 367.9kbits/s dup=1 drop=0 speed=9.46x    frame=  768 fps=218 q=28.0 size=    1536kB time=00:00:32.13 bitrate= 391.6kbits/s dup=1 drop=0 speed=9.14x    frame=  850 fps=211 q=28.0 size=    1536kB time=00:00:35.55 bitrate= 353.9kbits/s dup=1 drop=0 speed=8.84x    frame=  929 fps=205 q=28.0 size=    1792kB time=00:00:38.84 bitrate= 377.9kbits/s dup=1 drop=0 speed=8.59x    frame= 1012 fps=201 q=28.0 size=    2048kB time=00:00:42.31 bitrate= 396.5kbits/s dup=1 drop=0 speed=8.41x    frame= 1092 fps=197 q=28.0 size=    2048kB time=00:00:45.63 bitrate= 367.6kbits/s dup=1 drop=0 speed=8.25x    frame= 1174 fps=194 q=28.0 size=    2304kB time=00:00:49.05 bitrate= 384.7kbits/s dup=1 drop=0 speed=8.12x    frame= 1206 fps=192 q=-1.0 Lsize=    2607kB time=00:00:50.12 bitrate= 426.0kbits/s dup=1 drop=0 speed=   8x    
video:1409kB audio:1155kB subtitle:0kB other streams:0kB global headers:0kB muxing overhead: 1.687170%
[libx264 @ 0x555fbec162c0] frame I:5     Avg QP:17.26  size: 44931
[libx264 @ 0x555fbec162c0] frame P:311   Avg QP:20.47  size:  3215
[libx264 @ 0x555fbec162c0] frame B:890   Avg QP:26.94  size:   244
[libx264 @ 0x555fbec162c0] consecutive B-frames:  0.6%  2.7%  1.2% 95.5%
[libx264 @ 0x555fbec162c0] mb I  I16..4: 11.1% 23.4% 65.6%
[libx264 @ 0x555fbec162c0] mb P  I16..4:  0.7%  1.8%  1.3%  P16..4: 19.8%  6.8%  4.5%  0.0%  0.0%    skip:65.1%
[libx264 @ 0x555fbec162c0] mb B  I16..4:  0.0%  0.0%  0.0%  B16..8: 15.0%  0.6%  0.1%  direct: 0.3%  skip:84.0%  L0:36.2% L1:58.9% BI: 4.9%
[libx264 @ 0x555fbec162c0] 8x8 transform intra:40.1% inter:56.1%
[libx264 @ 0x555fbec162c0] coded y,uvDC,uvAC intra: 72.1% 55.9% 31.5% inter: 4.4% 3.0% 0.7%
[libx264 @ 0x555fbec162c0] i16 v,h,dc,p: 17% 35% 25% 23%
[libx264 @ 0x555fbec162c0] i8 v,h,dc,ddl,ddr,vr,hd,vl,hu: 21% 21% 20%  6%  6%  5%  7%  7%  8%
[libx264 @ 0x555fbec162c0] i4 v,h,dc,ddl,ddr,vr,hd,vl,hu: 28% 23% 13%  5%  7%  7%  6%  6%  5%
[libx264 @ 0x555fbec162c0] i8c dc,h,v,p: 56% 20% 16%  8%
[libx264 @ 0x555fbec162c0] Weighted P-Frames: Y:0.0% UV:0.0%
[libx264 @ 0x555fbec162c0] ref P L0: 64.9% 16.4% 14.8%  3.8%
[libx264 @ 0x555fbec162c0] ref B L0: 89.2%  7.3%  3.5%
[libx264 @ 0x555fbec162c0] ref B L1: 95.0%  5.0%
[libx264 @ 0x555fbec162c0] kb/s:229.54
